2021-08-13 03:52:58,832  INFO (Log.java:34) - 
업데이트 된 글 생성!, Log 기록 완료!
=>'핸드폰' 가격이 '700000'으로 수정됨!

2021-08-13 03:53:14,850  INFO (Log.java:34) - 
업데이트 된 글 생성!, Log 기록 완료!
=>'핸드폰' 가격이 '판매중'으로 수정됨!

2021-08-13 09:29:00,218  INFO (Log.java:34) - 
업데이트 된 글 생성!, Log 기록 완료!
=>'핸드폰' 가격이 '700000'으로 수정됨!

2021-08-13 09:39:04,194  INFO (Log.java:34) - 
업데이트 된 글 생성!, Log 기록 완료!
=>'인형' 가격이 '20000'으로 수정됨!

2021-08-13 09:39:11,218  INFO (Log.java:34) - 
업데이트 된 글 생성!, Log 기록 완료!
=>'텀블러' 가격이 '15000'으로 수정됨!

2021-08-13 09:39:35,541  INFO (Log.java:34) - 
업데이트 된 글 생성!, Log 기록 완료!
=>'핸드폰' 가격이 '700,000'으로 수정됨!

2021-08-13 09:39:51,687  INFO (Log.java:34) - 
업데이트 된 글 생성!, Log 기록 완료!
=>'텀블러' 가격이 '15,000'으로 수정됨!

2021-08-13 09:40:10,330  INFO (Log.java:34) - 
업데이트 된 글 생성!, Log 기록 완료!
=>'인형' 가격이 '20,000'으로 수정됨!

2021-08-13 09:40:18,703  INFO (Log.java:34) - 
업데이트 된 글 생성!, Log 기록 완료!
=>'핸드폰' 가격이 '판매중'으로 수정됨!

2021-08-13 09:40:33,325  INFO (Log.java:34) - 
업데이트 된 글 생성!, Log 기록 완료!
=>'텀블러' 가격이 '예약중'으로 수정됨!

2021-08-13 09:40:41,243  INFO (Log.java:34) - 
업데이트 된 글 생성!, Log 기록 완료!
=>'인형' 가격이 '판매완료'으로 수정됨!

2021-08-13 10:08:04,048  INFO (Log.java:34) - 
업데이트 된 글 생성!, Log 기록 완료!
=>'핸드폰' 가격이 '700000'으로 수정됨!

2021-08-13 10:41:15,109  INFO (Log.java:34) - 
업데이트 된 글 생성!, Log 기록 완료!
=>'핸드폰' 가격이 '700000'으로 수정됨!

2021-08-13 10:43:47,934  INFO (Log.java:34) - 
업데이트 된 글 생성!, Log 기록 완료!
=>'핸드폰' 가격이 '600000'으로 수정됨!

2021-08-13 10:52:40,083  INFO (Log.java:34) - 
업데이트 된 글 생성!, Log 기록 완료!
=>'핸드폰' 가격이 '판매중'으로 수정됨!

